<?xml version="1.0" encoding="UTF-8"?>
<!-- Generated by org.testng.reporters.JUnitXMLReporter -->
<testsuite hostname="CHARANS7" ignored="0" name="ChromeTest" tests="5" failures="0" timestamp="2023-01-11T09:31:37 IST" time="19.851" errors="0">
  <testcase name="triumphSeries" time="1.86" classname="TestNgBatchExecution.Tc_bikes3"/>
  <testcase name="agustaSeries" time="1.176" classname="TestNgBatchExecution.Tc_bikes2"/>
  <testcase name="DuctaiSeries" time="14.487" classname="TestNgBatchExecution.Tc_bikes1"/>
  <testcase name="bmwSeries" time="1.121" classname="testNgCars.Tc_cars3"/>
  <testcase name="bmwSeries" time="1.174" classname="testNgCars.Tc_cars2"/>
</testsuite> <!-- ChromeTest -->
