<?xml version="1.0" encoding="UTF-8"?>
<!-- Generated by org.testng.reporters.JUnitXMLReporter -->
<testsuite hostname="CHARANS7" ignored="1" name="Test" tests="3" failures="0" timestamp="2023-01-13T10:14:00 IST" time="16.125" errors="0">
  <testcase name="agustaSeries" time="8.262" classname="TestNgBatchExecution.Tc_bikes2"/>
  <testcase name="triumphSeries" time="4.466" classname="TestNgBatchExecution.Tc_bikes3"/>
  <testcase name="bmwSeries" time="3.36" classname="testNgCars.Tc_cars1"/>
  <testcase name="DuctaiSeries" time="0.0" classname="TestNgBatchExecution.Tc_bikes1">
    <ignored/>
  </testcase> <!-- DuctaiSeries -->
</testsuite> <!-- Test -->
